[debug] [2026-04-21T18:19:21.269Z] [Firebase Plugin] Activating Firebase extension.
[debug] [2026-04-21T18:19:22.777Z] [Firebase Plugin] requireAuthWrapper
[debug] [2026-04-21T18:19:22.779Z] > command requires scopes: ["email","openid","https://www.googleapis.com/auth/cloudplatformprojects.readonly","https://www.googleapis.com/auth/firebase","https://www.googleapis.com/auth/cloud-platform"]
[debug] [2026-04-21T18:19:22.779Z] > authorizing via signed-in user (moscosoleon2006@gmail.com)
[debug] [2026-04-21T18:19:22.782Z] Checked if tokens are valid: false, expires at: 1776796054306
[debug] [2026-04-21T18:19:22.782Z] Checked if tokens are valid: false, expires at: 1776796054306
[debug] [2026-04-21T18:19:22.783Z] > refreshing access token with scopes: []
[debug] [2026-04-21T18:19:22.784Z] >>> [apiv2][query] POST https://www.googleapis.com/oauth2/v3/token [none]
[debug] [2026-04-21T18:19:22.784Z] >>> [apiv2][body] POST https://www.googleapis.com/oauth2/v3/token [omitted]
[debug] [2026-04-21T18:19:22.794Z] [Firebase Plugin] VSCode notification server listening on port 40001
[info] [Firebase Plugin] Starting SQL Connect toolkit (version 3.4.5) on port 50001
[debug] [2026-04-21T18:19:23.104Z] I0421 14:19:23.095892   33772 control.go:100] [projects/emulator/locations/emulator/services/cop-4710-connect e694] UpdateResources(): done
Main schema: sources: schema\schema.gql [323B] 
Connector "example": sources: example\queries.gql [0B] 
 {"metadata":{"emulator":{"name":"dataconnect"},"message":"I0421 14:19:23.095892   33772 control.go:100] [projects/emulator/locations/emulator/services/cop-4710-connect e694] UpdateResources(): done\nMain schema: sources: schema\\schema.gql [323B] \nConnector \"example\": sources: example\\queries.gql [0B] \n"}}
[debug] [2026-04-21T18:19:23.105Z] Ignoring unsupported arg: auto_download {"metadata":{"emulator":{"name":"dataconnect"},"message":"Ignoring unsupported arg: auto_download"}}
[debug] [2026-04-21T18:19:23.105Z] Ignoring unsupported arg: port {"metadata":{"emulator":{"name":"dataconnect"},"message":"Ignoring unsupported arg: port"}}
[debug] [2026-04-21T18:19:23.106Z] Starting SQL Connect Emulator with command {"binary":"C:\\Users\\mosco\\.cache\\firebase\\emulators\\dataconnect-emulator-3.4.5.exe","args":["--logtostderr","-v=2","dev","--listen=localhost:50001","--config_dir=c:\\GithubProjects\\cop-4710-project\\dataconnect","--enable_output_schema_extensions=true","--enable_output_generated_sdk=true"],"optionalArgs":["listen","config_dir","enable_output_schema_extensions","enable_output_generated_sdk"],"joinArgs":true,"shell":false,"port":9399} {"metadata":{"emulator":{"name":"dataconnect"},"message":"Starting SQL Connect Emulator with command {\"binary\":\"C:\\\\Users\\\\mosco\\\\.cache\\\\firebase\\\\emulators\\\\dataconnect-emulator-3.4.5.exe\",\"args\":[\"--logtostderr\",\"-v=2\",\"dev\",\"--listen=localhost:50001\",\"--config_dir=c:\\\\GithubProjects\\\\cop-4710-project\\\\dataconnect\",\"--enable_output_schema_extensions=true\",\"--enable_output_generated_sdk=true\"],\"optionalArgs\":[\"listen\",\"config_dir\",\"enable_output_schema_extensions\",\"enable_output_generated_sdk\"],\"joinArgs\":true,\"shell\":false,\"port\":9399}"}}
[info] i  dataconnect: SQL Connect Emulator logging to dataconnect-debug.log {"metadata":{"emulator":{"name":"dataconnect"},"message":"SQL Connect Emulator logging to \u001b[1mdataconnect-debug.log\u001b[22m"}}
[debug] [2026-04-21T18:19:23.165Z] I0421 14:19:23.152449   31408 load.go:31] Reloading schema and connectors...
I0421 14:19:23.161449   31408 control.go:100] [projects/emulator/locations/emulator/services/cop-4710-connect 6efd] UpdateResources(): done
Main schema: sources: schema\schema.gql [323B] 
Connector "example": sources: example\queries.gql [0B] 
 {"metadata":{"emulator":{"name":"dataconnect"},"message":"I0421 14:19:23.152449   31408 load.go:31] Reloading schema and connectors...\nI0421 14:19:23.161449   31408 control.go:100] [projects/emulator/locations/emulator/services/cop-4710-connect 6efd] UpdateResources(): done\nMain schema: sources: schema\\schema.gql [323B] \nConnector \"example\": sources: example\\queries.gql [0B] \n"}}
[debug] [2026-04-21T18:19:23.173Z] I0421 14:19:23.173948   31408 codegen.go:101] [connector "example" javascriptSdk] Generating sources into "c:\\GithubProjects\\cop-4710-project\\src\\dataconnect-generated"
 {"metadata":{"emulator":{"name":"dataconnect"},"message":"I0421 14:19:23.173948   31408 codegen.go:101] [connector \"example\" javascriptSdk] Generating sources into \"c:\\\\GithubProjects\\\\cop-4710-project\\\\src\\\\dataconnect-generated\"\n"}}
[debug] [2026-04-21T18:19:23.186Z] I0421 14:19:23.186954   31408 collector.go:107] schema extensions wrote into "c:\\GithubProjects\\cop-4710-project\\dataconnect\\.dataconnect\\schema"
Generated sources: main\query.gql [3813B] main\mutation.gql [10270B] main\implicit.gql [1521B] prelude.gql [82799B] main\input.gql [22189B] main\relation.gql [10473B] 
 {"metadata":{"emulator":{"name":"dataconnect"},"message":"I0421 14:19:23.186954   31408 collector.go:107] schema extensions wrote into \"c:\\\\GithubProjects\\\\cop-4710-project\\\\dataconnect\\\\.dataconnect\\\\schema\"\nGenerated sources: main\\query.gql [3813B] main\\mutation.gql [10270B] main\\implicit.gql [1521B] prelude.gql [82799B] main\\input.gql [22189B] main\\relation.gql [10473B] \n"}}
[debug] [2026-04-21T18:19:23.193Z] <<< [apiv2][status] POST https://www.googleapis.com/oauth2/v3/token 200
[debug] [2026-04-21T18:19:23.193Z] <<< [apiv2][body] POST https://www.googleapis.com/oauth2/v3/token [omitted]
[debug] [2026-04-21T18:19:23.217Z] [Firebase Plugin] User found:  moscosoleon2006@gmail.com
[info] [Firebase Plugin] (Core:Project) New user detected, fetching projects
[debug] [2026-04-21T18:19:23.218Z] Checked if tokens are valid: true, expires at: 1776799162194
[debug] [2026-04-21T18:19:23.219Z] >>> [apiv2][query] GET https://firebase.googleapis.com/v1beta1/projects pageSize=1000
[debug] [2026-04-21T18:19:23.223Z] I0421 14:19:23.193463   31408 collector.go:107] connector "example" javascriptSdk wrote into "c:\\GithubProjects\\cop-4710-project\\src\\dataconnect-generated"
Generated sources: index.d.ts [574B] README.md [2749B] .guides/setup.md [584B] .guides/config.json [236B] esm\index.esm.js [288B] esm\package.json [17B] index.cjs.js [373B] package.json [615B] .guides/usage.md [431B] 
I0421 14:19:23.203005   31408 installsdk.go:86] Running command: C:\Users\mosco\AppData\Local\pnpm\pnpm.cmd link src\dataconnect-generated
 {"metadata":{"emulator":{"name":"dataconnect"},"message":"I0421 14:19:23.193463   31408 collector.go:107] connector \"example\" javascriptSdk wrote into \"c:\\\\GithubProjects\\\\cop-4710-project\\\\src\\\\dataconnect-generated\"\nGenerated sources: index.d.ts [574B] README.md [2749B] .guides/setup.md [584B] .guides/config.json [236B] esm\\index.esm.js [288B] esm\\package.json [17B] index.cjs.js [373B] package.json [615B] .guides/usage.md [431B] \nI0421 14:19:23.203005   31408 installsdk.go:86] Running command: C:\\Users\\mosco\\AppData\\Local\\pnpm\\pnpm.cmd link src\\dataconnect-generated\n"}}
[debug] [2026-04-21T18:19:23.534Z] <<< [apiv2][status] GET https://firebase.googleapis.com/v1beta1/projects 200
[debug] [2026-04-21T18:19:23.535Z] <<< [apiv2][body] GET https://firebase.googleapis.com/v1beta1/projects [omitted]
[debug] [2026-04-21T18:19:24.273Z] E0421 14:19:24.272821   31408 installsdk.go:88] Failed to install package: exit status 1
I0421 14:19:24.273826   31408 load.go:109] Finished reloading
 {"metadata":{"emulator":{"name":"dataconnect"},"message":"E0421 14:19:24.272821   31408 installsdk.go:88] Failed to install package: exit status 1\nI0421 14:19:24.273826   31408 load.go:109] Finished reloading\n"}}
[debug] [2026-04-21T18:19:24.284Z] I0421 14:19:24.284331   31408 dev.go:104] Listening on address (HTTP + gRPC): 127.0.0.1:50001
 {"metadata":{"emulator":{"name":"dataconnect"},"message":"I0421 14:19:24.284331   31408 dev.go:104] Listening on address (HTTP + gRPC): 127.0.0.1:50001\n"}}
[debug] [2026-04-21T18:19:24.363Z] I0421 14:19:24.364262   31408 engine.go:209] [projects/emulator/locations/emulator/services/cop-4710-connect 6efd] ExecuteGraphqlRead query IntrospectionQuery: succeeded. 
 {"metadata":{"emulator":{"name":"dataconnect"},"message":"I0421 14:19:24.364262   31408 engine.go:209] [projects/emulator/locations/emulator/services/cop-4710-connect 6efd] ExecuteGraphqlRead query IntrospectionQuery: succeeded. \n"}}
[info] [Firebase Plugin] Stopping SQL Connect toolkit
[warn] !  SQL Connect Emulator has exited upon receiving signal: SIGINT 
